============================================
ETF Daily Batch  鍛ㄤ竴 2026/06/15 16:01:18.12
============================================

[INFO] Starting run_daily.py ...

================================================================================
ETF DAILY BATCH START
================================================================================

================================================================================
市场价格更新
================================================================================
开始获取行情...

开始获取ETF行情...
ETF行情获取失败：HTTPSConnectionPool(host='push2delay.eastmoney.com', port=443): Max retries exceeded with url: /api/qt/clist/get?pn=1&pz=100&po=1&np=1&ut=bd1d9ddb04089700cf9c27f6f7426281&fltt=2&invt=2&wbp2u=%7C0%7C0%7C0%7Cweb&fid=f12&fs=b%3AMK0021%2Cb%3AMK0022%2Cb%3AMK0023%2Cb%3AMK0024%2Cb%3AMK0827&fields=f1%2Cf2%2Cf3%2Cf4%2Cf5%2Cf6%2Cf7%2Cf8%2Cf9%2Cf10%2Cf12%2Cf13%2Cf14%2Cf15%2Cf16%2Cf17%2Cf18%2Cf20%2Cf21%2Cf23%2Cf24%2Cf25%2Cf22%2Cf11%2Cf30%2Cf31%2Cf32%2Cf33%2Cf34%2Cf35%2Cf38%2Cf62%2Cf63%2Cf64%2Cf65%2Cf66%2Cf69%2Cf72%2Cf75%2Cf78%2Cf81%2Cf84%2Cf87%2Cf115%2Cf124%2Cf128%2Cf136%2Cf152%2Cf184%2Cf297%2Cf402%2Cf441 (Caused by NewConnectionError("HTTPSConnection(host='push2delay.eastmoney.com', port=443): Failed to establish a new connection: [WinError 10013] 以一种访问权限不允许的方式做了一个访问套接字的尝试。"))
开始获取LOF行情...
LOF行情获取失败：HTTPSConnectionPool(host='88.push2.eastmoney.com', port=443): Max retries exceeded with url: /api/qt/clist/get?pn=1&pz=100&po=1&np=1&ut=bd1d9ddb04089700cf9c27f6f7426281&fltt=2&invt=2&wbp2u=%7C0%7C0%7C0%7Cweb&fid=f3&fs=b%3AMK0404%2Cb%3AMK0405%2Cb%3AMK0406%2Cb%3AMK0407&fields=f1%2Cf2%2Cf3%2Cf4%2Cf5%2Cf6%2Cf7%2Cf8%2Cf9%2Cf10%2Cf12%2Cf13%2Cf14%2Cf15%2Cf16%2Cf17%2Cf18%2Cf20%2Cf21%2Cf23%2Cf24%2Cf25%2Cf22%2Cf11%2Cf62%2Cf128%2Cf136%2Cf115%2Cf152 (Caused by NewConnectionError("HTTPSConnection(host='88.push2.eastmoney.com', port=443): Failed to establish a new connection: [WinError 10013] 以一种访问权限不允许的方式做了一个访问套接字的尝试。"))
总行情数量：0
已保存 0 条行情数据

================================================================================
持仓行情
================================================================================
Empty DataFrame
Columns: [etf_code, etf_name, fund_type, current_price]
Index: []

成功获取 0 个持仓行情
[OK] 市场价格更新 完成，耗时 21.23s

================================================================================
K线更新
================================================================================
无持仓ETF
[OK] K线更新 完成，耗时 0.0s

================================================================================
持仓成本计算
================================================================================
持仓快照写入成功：0条
[OK] 完成：CostEngine
耗时：0.01 秒
[OK] 持仓成本计算 完成，耗时 0.01s

================================================================================
已实现收益分析
================================================================================
[OK] 完成：ProfitEngine
耗时：0.01 秒

================================================================================
ETF收益贡献排行榜
================================================================================

================================================================================
TOP3收益贡献
================================================================================
[OK] 已实现收益分析 完成，耗时 0.01s

================================================================================
浮盈浮亏分析
================================================================================
[OK] 完成：FloatingProfitEngine
耗时：0.01 秒

====================================================================================================
浮盈浮亏分析
====================================================================================================

====================================================================================================
账户汇总
====================================================================================================
成本市值：0.00
当前市值：0.00
浮动收益：0.00
收益率：nan%
[OK] 浮盈浮亏分析 完成，耗时 0.01s

================================================================================
ETF仓位分析
================================================================================
总市值为0，可能行情数据缺失，跳过仓位计算
[OK] 完成：AllocationEngine
耗时：0.02 秒
[FAIL] ETF仓位分析

================================================================================
分类仓位分析
================================================================================
dwd_allocation为空
[OK] 完成：AllocationCategoryEngine
耗时：0.0 秒
[OK] 分类仓位分析 完成，耗时 0.0s

================================================================================
MA趋势分析
================================================================================
[OK] 完成：MAFactorEngine
耗时：0.35 秒

====================================================================================================
MA趋势评分
====================================================================================================
513000 225ETF     得分:100 等级:S 信号:加仓
159632 纳斯达克       得分: 90 等级:S 信号:加仓
513800 东证ETF      得分: 90 等级:S 信号:加仓
513300 纳斯达克       得分: 90 等级:S 信号:加仓
159696 纳100ETF    得分: 90 等级:S 信号:加仓
159659 纳指         得分: 90 等级:S 信号:加仓
513110 纳指100      得分: 90 等级:S 信号:加仓
510880 红利ETF      得分: 90 等级:S 信号:加仓
513400 道琼斯        得分: 80 等级:A 信号:持有
159529 标普消费       得分: 10 等级:D 信号:停止加仓
159561 德国ETF      得分: 10 等级:D 信号:停止加仓
164824 印度基金       得分:  0 等级:D 信号:停止加仓
159865 养殖ETF      得分:  0 等级:D 信号:停止加仓
159740 恒生科技       得分:  0 等级:D 信号:停止加仓
512170 医疗ETF      得分:  0 等级:D 信号:停止加仓
513580 HS科技       得分:  0 等级:D 信号:停止加仓
513980 科技港股       得分:  0 等级:D 信号:停止加仓
563020 低波红利       得分:  0 等级:D 信号:停止加仓
[OK] MA趋势分析 完成，耗时 0.35s

================================================================================
RSI分析
================================================================================
[OK] 完成：RSIFactorEngine
耗时：0.3 秒

====================================================================================================
RSI评分排行榜
====================================================================================================
513580 HS科技       RSI6: 21.88 得分: 90 等级:A 信号:加仓
159740 恒生科技       RSI6: 22.22 得分: 90 等级:A 信号:加仓
513980 科技港股       RSI6: 26.03 得分: 90 等级:A 信号:加仓
513800 东证ETF      RSI6: 28.93 得分: 90 等级:A 信号:加仓
159561 德国ETF      RSI6: 36.56 得分: 70 等级:B 信号:关注
159529 标普消费       RSI6: 34.04 得分: 70 等级:B 信号:关注
510880 红利ETF      RSI6: 39.09 得分: 70 等级:B 信号:关注
159632 纳斯达克       RSI6: 36.13 得分: 70 等级:B 信号:关注
159659 纳指         RSI6: 36.59 得分: 70 等级:B 信号:关注
159696 纳100ETF    RSI6: 36.48 得分: 70 等级:B 信号:关注
513110 纳指100      RSI6: 36.49 得分: 70 等级:B 信号:关注
513300 纳斯达克       RSI6: 36.43 得分: 70 等级:B 信号:关注
513000 225ETF     RSI6: 36.42 得分: 70 等级:B 信号:关注
159865 养殖ETF      RSI6: 41.67 得分: 50 等级:C 信号:中性
512170 医疗ETF      RSI6: 41.18 得分: 50 等级:C 信号:中性
164824 印度基金       RSI6: 47.37 得分: 50 等级:C 信号:中性
513400 道琼斯        RSI6: 46.88 得分: 50 等级:C 信号:中性
563020 低波红利       RSI6: 53.13 得分: 50 等级:C 信号:中性
[OK] RSI分析 完成，耗时 0.3s

================================================================================
回撤分析
================================================================================
[OK] 完成：DrawdownEngine
耗时：0.21 秒

====================================================================================================
52周回撤排行榜
====================================================================================================
513980 科技港股       回撤: -32.32% 等级:A 信号:加仓
513580 HS科技       回撤: -32.03% 等级:A 信号:加仓
159740 恒生科技       回撤: -31.59% 等级:A 信号:加仓
512170 医疗ETF      回撤: -25.87% 等级:B 信号:关注
159865 养殖ETF      回撤: -24.49% 等级:B 信号:关注
159529 标普消费       回撤:  -21.0% 等级:B 信号:关注
164824 印度基金       回撤:  -18.8% 等级:C 信号:观察
159561 德国ETF      回撤: -12.79% 等级:C 信号:观察
513110 纳指100      回撤:  -9.21% 等级:C 信号:谨慎
159632 纳斯达克       回撤:  -8.79% 等级:C 信号:谨慎
563020 低波红利       回撤:  -8.62% 等级:C 信号:谨慎
513300 纳斯达克       回撤:  -8.59% 等级:C 信号:谨慎
159659 纳指         回撤:  -8.29% 等级:C 信号:谨慎
159696 纳100ETF    回撤:  -7.92% 等级:C 信号:谨慎
513800 东证ETF      回撤:  -7.18% 等级:C 信号:谨慎
513400 道琼斯        回撤:  -5.71% 等级:C 信号:谨慎
513000 225ETF     回撤:  -4.48% 等级:D 信号:追高风险
510880 红利ETF      回撤:  -2.31% 等级:D 信号:追高风险
[OK] 回撤分析 完成，耗时 0.21s

================================================================================
ETF综合信号
================================================================================
历史信号保存：18条
[OK] 完成：ETFSignalEngine
耗时：0.03 秒

====================================================================================================
ETF综合信号排行榜
====================================================================================================
513800 东证ETF      总分:  72.0 等级:A 建议:优先加仓
159632 纳斯达克       总分:  66.0 等级:B 建议:可以关注
513110 纳指100      总分:  66.0 等级:B 建议:可以关注
513300 纳斯达克       总分:  66.0 等级:B 建议:可以关注
159696 纳100ETF    总分:  66.0 等级:B 建议:可以关注
159659 纳指         总分:  66.0 等级:B 建议:可以关注
513000 225ETF     总分:  64.0 等级:B 建议:可以关注
510880 红利ETF      总分:  60.0 等级:B 建议:可以关注
513400 道琼斯        总分:  56.0 等级:B 建议:可以关注
513580 HS科技       总分:  54.0 等级:C 建议:继续观察
513980 科技港股       总分:  54.0 等级:C 建议:继续观察
159740 恒生科技       总分:  54.0 等级:C 建议:继续观察
159529 标普消费       总分:  46.0 等级:C 建议:继续观察
159561 德国ETF      总分:  40.0 等级:C 建议:继续观察
159865 养殖ETF      总分:  36.0 等级:D 建议:暂停加仓
512170 医疗ETF      总分:  36.0 等级:D 建议:暂停加仓
164824 印度基金       总分:  30.0 等级:D 建议:暂停加仓
563020 低波红利       总分:  24.0 等级:D 建议:暂停加仓
[OK] ETF综合信号 完成，耗时 0.03s

================================================================================
信号历史快照
================================================================================

================================================================================
历史信号记录
================================================================================
    trade_date etf_code etf_name  signal_score
0   2026-06-15   563020     低波红利          24.0
1   2026-06-15   513980     科技港股          54.0
2   2026-06-15   513800    东证ETF          72.0
3   2026-06-15   513580     HS科技          54.0
4   2026-06-15   513400      道琼斯          56.0
5   2026-06-15   513300     纳斯达克          66.0
6   2026-06-15   513110    纳指100          66.0
7   2026-06-15   513000   225ETF          64.0
8   2026-06-15   512170    医疗ETF          36.0
9   2026-06-15   510880    红利ETF          60.0
10  2026-06-15   164824     印度基金          30.0
11  2026-06-15   159865    养殖ETF          36.0
12  2026-06-15   159740     恒生科技          54.0
13  2026-06-15   159696  纳100ETF          66.0
14  2026-06-15   159659       纳指          66.0
15  2026-06-15   159632     纳斯达克          66.0
16  2026-06-15   159561    德国ETF          40.0
17  2026-06-15   159529     标普消费          46.0
[OK] 信号历史快照 完成，耗时 0.01s

================================================================================
信号趋势分析
================================================================================
历史数据不足2天
[OK] 完成：SignalTrendEngine
耗时：0.0 秒
[OK] 信号趋势分析 完成，耗时 0.0s

================================================================================
ETF评分V2
================================================================================
[FAIL] ETF评分V2

================================================================================
加仓建议
================================================================================
[OK] 完成：AddPositionEngine
耗时：0.02 秒

====================================================================================================
今日加仓建议
====================================================================================================
513800 东证ETF      综合分:  61.0 建议金额:  2000 建议:小额试仓

生成加仓建议 18 条
[OK] 加仓建议 完成，耗时 0.02s

================================================================================
调仓建议
================================================================================
[OK] 完成：RebalanceEngine
耗时：0.01 秒

====================================================================================================
仓位再平衡建议
====================================================================================================
[OK] 调仓建议 完成，耗时 0.01s

================================================================================
分类调仓建议
================================================================================
[OK] 完成：RebalanceEngineV2
耗时：0.01 秒

====================================================================================================
主题仓位再平衡建议
====================================================================================================
港股科技       当前: 37.42% 目标: 30.00% 偏离:  7.42% 建议:减仓   金额:    -18653
印度         当前: 12.37% 目标:  5.00% 偏离:  7.37% 建议:减仓   金额:    -18513
农业         当前:  6.13% 目标:  3.00% 偏离:  3.13% 建议:持有   金额:     -7866
消费         当前:  1.56% 目标:  1.56% 偏离:  0.00% 建议:持有   金额:        -0
红利         当前:  9.81% 目标: 10.00% 偏离: -0.19% 建议:持有   金额:       465
医疗         当前:  1.63% 目标:  2.00% 偏离: -0.37% 建议:持有   金额:       928
欧洲         当前:  2.09% 目标:  5.00% 偏离: -2.91% 建议:持有   金额:      7311
美股宽基       当前: 10.22% 目标: 15.00% 偏离: -4.78% 建议:持有   金额:     12002
日本         当前:  5.15% 目标: 10.00% 偏离: -4.85% 建议:持有   金额:     12194
美股科技       当前: 13.61% 目标: 20.00% 偏离: -6.39% 建议:加仓   金额:     16052
[OK] 分类调仓建议 完成，耗时 0.01s

================================================================================
ETF重仓重叠分析
================================================================================
[OK] 完成：ETFOverlapEngine
耗时：0.01 秒

====================================================================================================
ETF重叠分析
====================================================================================================
[OK] ETF重仓重叠分析 完成，耗时 0.01s

================================================================================
持仓健康度
================================================================================
[FAIL] 持仓健康度

================================================================================
风险分析
================================================================================
[OK] 完成：RiskEngine
耗时：0.03 秒

====================================================================================================
组合风险分析
====================================================================================================
风险评分：100
风险等级：A

[OK] 风险分析 完成，耗时 0.03s

================================================================================
Dashboard汇总
================================================================================
[OK] 完成：DashboardEngine
耗时：0.01 秒

====================================================================================================
ETF驾驶舱
====================================================================================================
总成本            0
总市值            0
总盈亏            0
收益率            0%
第一重仓           港股科技 37.42%
最佳ETF          513800 东证ETF 72.0
推荐加仓           513800 东证ETF 2000
高风险项数量         0
偏离最大仓位         港股科技 7.42%
[OK] Dashboard汇总 完成，耗时 0.01s

================================================================================
每日复盘
================================================================================
[OK] 完成：ReviewEngine
耗时：0.01 秒

================================================================================
ETF每日复盘
================================================================================
总资产        : 0
总盈亏        : 0
收益率        : 0%
最佳ETF      : 513800 东证ETF
最差ETF      : 563020 低波红利
推荐加仓       : 513800 东证ETF
高风险项数量     : 0
AI总结       : 当前组合收益率0%，最佳ETF为标普消费，当前高风险项0个，建议优先关注综合评分靠前ETF。
[OK] 每日复盘 完成，耗时 0.01s

================================================================================
ETF DAILY BATCH FINISHED
================================================================================
总耗时：22.33 秒

============================================
[OK] Batch completed successfully
============================================
